#
# There is insufficient memory for the Java Runtime Environment to continue.
# Native memory allocation (malloc) failed to allocate 1048576 bytes. Error detail: AllocateHeap
# Possible reasons:
#   The system is out of physical RAM or swap space
#   This process is running with CompressedOops enabled, and the Java Heap may be blocking the growth of the native heap
# Possible solutions:
#   Reduce memory load on the system
#   Increase physical memory or swap space
#   Check if swap backing store is full
#   Decrease Java heap size (-Xmx/-Xms)
#   Decrease number of Java threads
#   Decrease Java thread stack sizes (-Xss)
#   Set larger code cache with -XX:ReservedCodeCacheSize=
#   JVM is running with Unscaled Compressed Oops mode in which the Java heap is
#     placed in the first 4GB address space. The Java Heap base address is the
#     maximum limit for the native heap growth. Please use -XX:HeapBaseMinAddress
#     to set the Java Heap base and to place the Java Heap above 4GB virtual address.
# This output file may be truncated or incomplete.
#
#  Out of Memory Error (allocation.cpp:44), pid=36508, tid=8108
#
# JRE version:  (21.0.9+10) (build )
# Java VM: OpenJDK 64-Bit Server VM (21.0.9+10-LTS, mixed mode, tiered, compressed oops, compressed class ptrs, parallel gc, windows-amd64)
# No core dump will be written. Minidumps are not enabled by default on client versions of Windows
#

---------------  S U M M A R Y ------------

Command Line: --add-modules=ALL-SYSTEM --add-opens=java.base/java.util=ALL-UNNAMED --add-opens=java.base/java.lang=ALL-UNNAMED --add-opens=java.base/sun.nio.fs=ALL-UNNAMED -Declipse.application=org.eclipse.jdt.ls.core.id1 -Dosgi.bundles.defaultStartLevel=4 -Declipse.product=org.eclipse.jdt.ls.core.product -Djava.import.generatesMetadataFilesAtProjectRoot=false -DDetectVMInstallationsJob.disabled=true -Dfile.encoding=utf8 -XX:+UseParallelGC -XX:GCTimeRatio=4 -XX:AdaptiveSizePolicyWeight=90 -Dsun.zip.disableMemoryMapping=true -Xmx2G -Xms100m -Xlog:disable -javaagent:c:\Users\camyl\.vscode\extensions\redhat.java-1.50.0-win32-x64\lombok\lombok-1.18.39-4050.jar c:\Users\camyl\.vscode\extensions\redhat.java-1.50.0-win32-x64\server\plugins\org.eclipse.equinox.launcher_1.7.100.v20251111-0406.jar -configuration c:\Users\camyl\AppData\Roaming\Code\User\globalStorage\redhat.java\1.50.0\config_ss_win -data c:\Users\camyl\AppData\Roaming\Code\User\workspaceStorage\96a7d95d1e7aca843ac163086614d7d2\redhat.java\ss_ws --pipe=\\.\pipe\lsp-78832db953b20cc5cecaeb1aec304871-sock

Host: Intel(R) Core(TM) i5-1035G1 CPU @ 1.00GHz, 8 cores, 7G,  Windows 11 , 64 bit Build 26100 (10.0.26100.7019)
Time: Wed Dec 10 20:29:08 2025 Hora Padrão de Buenos Aires elapsed time: 4.174609 seconds (0d 0h 0m 4s)

---------------  T H R E A D  ---------------

Current thread (0x000001c27d1026b0):  JavaThread "Unknown thread" [_thread_in_vm, id=8108, stack(0x0000002313f00000,0x0000002314000000) (1024K)]

Stack: [0x0000002313f00000,0x0000002314000000]
Native frames: (J=compiled Java code, j=interpreted, Vv=VM code, C=native code)
V  [jvm.dll+0x6d6e29]
V  [jvm.dll+0x8b4b76]
V  [jvm.dll+0x8b712e]
V  [jvm.dll+0x8b7813]
V  [jvm.dll+0x283d86]
V  [jvm.dll+0xc1277]
V  [jvm.dll+0x70afc0]
V  [jvm.dll+0x70bb2c]
V  [jvm.dll+0x6e59c3]
V  [jvm.dll+0x87e58c]
V  [jvm.dll+0x3c42fc]
V  [jvm.dll+0x86727b]
V  [jvm.dll+0x457391]
V  [jvm.dll+0x458f81]
C  [jli.dll+0x52d0]
C  [ucrtbase.dll+0x37b0]
C  [KERNEL32.DLL+0x2e8d7]
C  [ntdll.dll+0x8c53c]


---------------  P R O C E S S  ---------------

Threads class SMR info:
_java_thread_list=0x000001c27d16cb20, length=1, elements={
0x000001c27d1026b0
}

Java Threads: ( => current thread )
=>0x000001c27d1026b0 JavaThread "Unknown thread"             [_thread_in_vm, id=8108, stack(0x0000002313f00000,0x0000002314000000) (1024K)]
Total: 1

Other Threads:
  0x000001c27d16d1e0 WatcherThread "VM Periodic Task Thread"        [id=57208, stack(0x0000002314100000,0x0000002314200000) (1024K)]
  0x000001c27cf62c40 WorkerThread "GC Thread#0"                     [id=49168, stack(0x0000002314000000,0x0000002314100000) (1024K)]
Total: 2

Threads with active compile tasks:
Total: 0

VM state: not at safepoint (normal execution)

VM Mutex/Monitor currently owned by a thread: None

Heap address: 0x0000000080000000, size: 2048 MB, Compressed Oops mode: 32-bit

CDS archive(s) not mapped
Compressed class space mapped at: 0x0000000100000000-0x0000000140000000, reserved size: 1073741824
Narrow klass base: 0x0000000000000000, Narrow klass shift: 3, Narrow klass range: 0x140000000

GC Precious Log:
 CardTable entry size: 512
 CPUs: 8 total, 8 available
 Memory: 7930M
 Large Page Support: Disabled
 NUMA Support: Disabled
 Compressed Oops: Enabled (32-bit)
 Alignments: Space 512K, Generation 512K, Heap 2M
 Heap Min Capacity: 100M
 Heap Initial Capacity: 100M
 Heap Max Capacity: 2G
 Pre-touch: Disabled
 Parallel Workers: 8

Heap:
 PSYoungGen      total 29696K, used 512K [0x00000000d5580000, 0x00000000d7680000, 0x0000000100000000)
  eden space 25600K, 2% used [0x00000000d5580000,0x00000000d5600070,0x00000000d6e80000)
  from space 4096K, 0% used [0x00000000d7280000,0x00000000d7280000,0x00000000d7680000)
  to   space 4096K, 0% used [0x00000000d6e80000,0x00000000d6e80000,0x00000000d7280000)
 ParOldGen       total 68608K, used 0K [0x0000000080000000, 0x0000000084300000, 0x00000000d5580000)
  object space 68608K, 0% used [0x0000000080000000,0x0000000080000000,0x0000000084300000)
 Metaspace       used 1394K, committed 1472K, reserved 1114112K
  class space    used 111K, committed 128K, reserved 1048576K

Card table byte_map: [0x000001c27ecc0000,0x000001c27f0d0000] _byte_map_base: 0x000001c27e8c0000

Marking Bits: (ParMarkBitMap*) 0x00007ff91ed02460
 Begin Bits: [0x000001c212140000, 0x000001c214140000)
 End Bits:   [0x000001c214140000, 0x000001c216140000)

Polling page: 0x000001c27d1c0000

Metaspace:

Usage:
  Non-class:      1.25 MB used.
      Class:    111.93 KB used.
       Both:      1.36 MB used.

Virtual space:
  Non-class space:       64.00 MB reserved,       1.31 MB (  2%) committed,  1 nodes.
      Class space:        1.00 GB reserved,     128.00 KB ( <1%) committed,  1 nodes.
             Both:        1.06 GB reserved,       1.44 MB ( <1%) committed. 

Chunk freelists:
   Non-Class:  12.00 MB
       Class:  15.75 MB
        Both:  27.75 MB

MaxMetaspaceSize: unlimited
CompressedClassSpaceSize: 1.00 GB
Initial GC threshold: 21.00 MB
Current GC threshold: 17179869184.00 GB
CDS: off
 - commit_granule_bytes: 65536.
 - commit_granule_words: 8192.
 - virtual_space_node_default_size: 8388608.
 - enlarge_chunks_in_place: 1.
 - use_allocation_guard: 0.


Internal statistics:

num_allocs_failed_limit: 0.
num_arena_births: 2.
num_arena_deaths: 0.
num_vsnodes_births: 2.
num_vsnodes_deaths: 0.
num_space_committed: 23.
num_space_uncommitted: 0.
num_chunks_returned_to_freelist: 0.
num_chunks_taken_from_freelist: 3.
num_chunk_merges: 0.
num_chunk_splits: 2.
num_chunks_enlarged: 0.
num_inconsistent_stats: 0.

CodeHeap 'non-profiled nmethods': size=120000Kb used=0Kb max_used=0Kb free=120000Kb
 bounds [0x000001c20ac10000, 0x000001c20ae80000, 0x000001c212140000]
CodeHeap 'profiled nmethods': size=120000Kb used=0Kb max_used=0Kb free=120000Kb
 bounds [0x000001c203140000, 0x000001c2033b0000, 0x000001c20a670000]
CodeHeap 'non-nmethods': size=5760Kb used=199Kb max_used=348Kb free=5560Kb
 bounds [0x000001c20a670000, 0x000001c20a8e0000, 0x000001c20ac10000]
CodeCache: size=245760Kb, used=199Kb, max_used=348Kb, free=245560Kb
 total_blobs=70, nmethods=0, adapters=48, full_count=0
Compilation: enabled, stopped_count=0, restarted_count=0

Compilation events (0 events):
No events

GC Heap History (0 events):
No events

Dll operation events (2 events):
Event: 0.126 Loaded shared library c:\Users\camyl\.vscode\extensions\redhat.java-1.50.0-win32-x64\jre\21.0.9-win32-x86_64\bin\java.dll
Event: 2.778 Loaded shared library c:\Users\camyl\.vscode\extensions\redhat.java-1.50.0-win32-x64\jre\21.0.9-win32-x86_64\bin\zip.dll

Deoptimization events (0 events):
No events

Classes loaded (20 events):
Event: 3.106 Loading class java/util/Iterator
Event: 3.106 Loading class java/util/Iterator done
Event: 3.106 Loading class java/lang/reflect/RecordComponent
Event: 3.106 Loading class java/lang/reflect/RecordComponent done
Event: 3.106 Loading class jdk/internal/vm/vector/VectorSupport
Event: 3.106 Loading class jdk/internal/vm/vector/VectorSupport done
Event: 3.106 Loading class jdk/internal/vm/vector/VectorSupport$VectorPayload
Event: 3.106 Loading class jdk/internal/vm/vector/VectorSupport$VectorPayload done
Event: 3.106 Loading class jdk/internal/vm/vector/VectorSupport$Vector
Event: 3.106 Loading class jdk/internal/vm/vector/VectorSupport$Vector done
Event: 3.106 Loading class jdk/internal/vm/vector/VectorSupport$VectorMask
Event: 3.106 Loading class jdk/internal/vm/vector/VectorSupport$VectorMask done
Event: 3.106 Loading class jdk/internal/vm/vector/VectorSupport$VectorShuffle
Event: 3.106 Loading class jdk/internal/vm/vector/VectorSupport$VectorShuffle done
Event: 3.106 Loading class jdk/internal/vm/FillerObject
Event: 3.106 Loading class jdk/internal/vm/FillerObject done
Event: 3.125 Loading class java/lang/NullPointerException
Event: 3.125 Loading class java/lang/NullPointerException done
Event: 3.125 Loading class java/lang/ArithmeticException
Event: 3.125 Loading class java/lang/ArithmeticException done

Classes unloaded (0 events):
No events

Classes redefined (0 events):
No events

Internal exceptions (0 events):
No events

ZGC Phase Switch (0 events):
No events

VM Operations (0 events):
No events

Memory protections (0 events):
No events

Nmethod flushes (0 events):
No events

Events (1 events):
Event: 2.766 Thread 0x000001c27d1026b0 Thread added: 0x000001c27d1026b0


Dynamic libraries:
0x00007ff63c6e0000 - 0x00007ff63c6ee000 	c:\Users\camyl\.vscode\extensions\redhat.java-1.50.0-win32-x64\jre\21.0.9-win32-x86_64\bin\java.exe
0x00007ff999da0000 - 0x00007ff99a008000 	C:\WINDOWS\SYSTEM32\ntdll.dll
0x00007ff9989a0000 - 0x00007ff998a69000 	C:\WINDOWS\System32\KERNEL32.DLL
0x00007ff997490000 - 0x00007ff997888000 	C:\WINDOWS\System32\KERNELBASE.dll
0x00007ff9978c0000 - 0x00007ff997a0b000 	C:\WINDOWS\System32\ucrtbase.dll
0x00007ff992620000 - 0x00007ff992638000 	c:\Users\camyl\.vscode\extensions\redhat.java-1.50.0-win32-x64\jre\21.0.9-win32-x86_64\bin\jli.dll
0x00007ff990c10000 - 0x00007ff990c2e000 	c:\Users\camyl\.vscode\extensions\redhat.java-1.50.0-win32-x64\jre\21.0.9-win32-x86_64\bin\VCRUNTIME140.dll
0x00007ff997cb0000 - 0x00007ff997e77000 	C:\WINDOWS\System32\USER32.dll
0x00007ff981ec0000 - 0x00007ff982154000 	C:\WINDOWS\WinSxS\amd64_microsoft.windows.common-controls_6595b64144ccf1df_6.0.26100.7019_none_3e06ffa0e335b8a8\COMCTL32.dll
0x00007ff997890000 - 0x00007ff9978b7000 	C:\WINDOWS\System32\win32u.dll
0x00007ff999bf0000 - 0x00007ff999c99000 	C:\WINDOWS\System32\msvcrt.dll
0x00007ff997b40000 - 0x00007ff997b6b000 	C:\WINDOWS\System32\GDI32.dll
0x00007ff997a10000 - 0x00007ff997b3c000 	C:\WINDOWS\System32\gdi32full.dll
0x00007ff996ef0000 - 0x00007ff996f93000 	C:\WINDOWS\System32\msvcp_win.dll
0x00007ff999600000 - 0x00007ff999631000 	C:\WINDOWS\System32\IMM32.DLL
0x00007ff992da0000 - 0x00007ff992dac000 	c:\Users\camyl\.vscode\extensions\redhat.java-1.50.0-win32-x64\jre\21.0.9-win32-x86_64\bin\vcruntime140_1.dll
0x00007ff98e3c0000 - 0x00007ff98e44d000 	c:\Users\camyl\.vscode\extensions\redhat.java-1.50.0-win32-x64\jre\21.0.9-win32-x86_64\bin\msvcp140.dll
0x00007ff91e040000 - 0x00007ff91ede0000 	c:\Users\camyl\.vscode\extensions\redhat.java-1.50.0-win32-x64\jre\21.0.9-win32-x86_64\bin\server\jvm.dll
0x00007ff997b70000 - 0x00007ff997c24000 	C:\WINDOWS\System32\ADVAPI32.dll
0x00007ff999ca0000 - 0x00007ff999d46000 	C:\WINDOWS\System32\sechost.dll
0x00007ff998a80000 - 0x00007ff998b98000 	C:\WINDOWS\System32\RPCRT4.dll
0x00007ff999640000 - 0x00007ff9996b4000 	C:\WINDOWS\System32\WS2_32.dll
0x00007ff996d70000 - 0x00007ff996dce000 	C:\WINDOWS\SYSTEM32\POWRPROF.dll
0x00007ff9817a0000 - 0x00007ff9817d5000 	C:\WINDOWS\SYSTEM32\WINMM.dll
0x00007ff990660000 - 0x00007ff99066b000 	C:\WINDOWS\SYSTEM32\VERSION.dll
0x00007ff996d30000 - 0x00007ff996d44000 	C:\WINDOWS\SYSTEM32\UMPDC.dll
0x00007ff995c90000 - 0x00007ff995cab000 	C:\WINDOWS\SYSTEM32\kernel.appcore.dll
0x00007ff992660000 - 0x00007ff99266a000 	c:\Users\camyl\.vscode\extensions\redhat.java-1.50.0-win32-x64\jre\21.0.9-win32-x86_64\bin\jimage.dll
0x00007ff994550000 - 0x00007ff994792000 	C:\WINDOWS\SYSTEM32\DBGHELP.DLL
0x00007ff998600000 - 0x00007ff99898b000 	C:\WINDOWS\System32\combase.dll
0x00007ff9996c0000 - 0x00007ff999797000 	C:\WINDOWS\System32\OLEAUT32.dll
0x00007ff9801a0000 - 0x00007ff9801dc000 	C:\WINDOWS\SYSTEM32\dbgcore.DLL
0x00007ff996fa0000 - 0x00007ff997045000 	C:\WINDOWS\System32\bcryptPrimitives.dll
0x00007ff992610000 - 0x00007ff99261f000 	c:\Users\camyl\.vscode\extensions\redhat.java-1.50.0-win32-x64\jre\21.0.9-win32-x86_64\bin\instrument.dll
0x00007ff990b80000 - 0x00007ff990ba0000 	c:\Users\camyl\.vscode\extensions\redhat.java-1.50.0-win32-x64\jre\21.0.9-win32-x86_64\bin\java.dll
0x00007ff990b30000 - 0x00007ff990b48000 	c:\Users\camyl\.vscode\extensions\redhat.java-1.50.0-win32-x64\jre\21.0.9-win32-x86_64\bin\zip.dll

JVMTI agents:
c:\Users\camyl\.vscode\extensions\redhat.java-1.50.0-win32-x64\lombok\lombok-1.18.39-4050.jar path:none, loaded, not initialized, instrumentlib options:none

dbghelp: loaded successfully - version: 4.0.5 - missing functions: none
symbol engine: initialized successfully - sym options: 0x614 - pdb path: .;c:\Users\camyl\.vscode\extensions\redhat.java-1.50.0-win32-x64\jre\21.0.9-win32-x86_64\bin;C:\WINDOWS\SYSTEM32;C:\WINDOWS\WinSxS\amd64_microsoft.windows.common-controls_6595b64144ccf1df_6.0.26100.7019_none_3e06ffa0e335b8a8;c:\Users\camyl\.vscode\extensions\redhat.java-1.50.0-win32-x64\jre\21.0.9-win32-x86_64\bin\server

VM Arguments:
jvm_args: --add-modules=ALL-SYSTEM --add-opens=java.base/java.util=ALL-UNNAMED --add-opens=java.base/java.lang=ALL-UNNAMED --add-opens=java.base/sun.nio.fs=ALL-UNNAMED -Declipse.application=org.eclipse.jdt.ls.core.id1 -Dosgi.bundles.defaultStartLevel=4 -Declipse.product=org.eclipse.jdt.ls.core.product -Djava.import.generatesMetadataFilesAtProjectRoot=false -DDetectVMInstallationsJob.disabled=true -Dfile.encoding=utf8 -XX:+UseParallelGC -XX:GCTimeRatio=4 -XX:AdaptiveSizePolicyWeight=90 -Dsun.zip.disableMemoryMapping=true -Xmx2G -Xms100m -Xlog:disable -javaagent:c:\Users\camyl\.vscode\extensions\redhat.java-1.50.0-win32-x64\lombok\lombok-1.18.39-4050.jar 
java_command: c:\Users\camyl\.vscode\extensions\redhat.java-1.50.0-win32-x64\server\plugins\org.eclipse.equinox.launcher_1.7.100.v20251111-0406.jar -configuration c:\Users\camyl\AppData\Roaming\Code\User\globalStorage\redhat.java\1.50.0\config_ss_win -data c:\Users\camyl\AppData\Roaming\Code\User\workspaceStorage\96a7d95d1e7aca843ac163086614d7d2\redhat.java\ss_ws --pipe=\\.\pipe\lsp-78832db953b20cc5cecaeb1aec304871-sock
java_class_path (initial): c:\Users\camyl\.vscode\extensions\redhat.java-1.50.0-win32-x64\server\plugins\org.eclipse.equinox.launcher_1.7.100.v20251111-0406.jar
Launcher Type: SUN_STANDARD

[Global flags]
    uintx AdaptiveSizePolicyWeight                 = 90                                        {product} {command line}
     intx CICompilerCount                          = 4                                         {product} {ergonomic}
    uintx GCTimeRatio                              = 4                                         {product} {command line}
   size_t InitialHeapSize                          = 104857600                                 {product} {command line}
   size_t MaxHeapSize                              = 2147483648                                {product} {command line}
   size_t MaxNewSize                               = 715653120                                 {product} {ergonomic}
   size_t MinHeapDeltaBytes                        = 524288                                    {product} {ergonomic}
   size_t MinHeapSize                              = 104857600                                 {product} {command line}
   size_t NewSize                                  = 34603008                                  {product} {ergonomic}
    uintx NonNMethodCodeHeapSize                   = 5839372                                {pd product} {ergonomic}
    uintx NonProfiledCodeHeapSize                  = 122909434                              {pd product} {ergonomic}
   size_t OldSize                                  = 70254592                                  {product} {ergonomic}
    uintx ProfiledCodeHeapSize                     = 122909434                              {pd product} {ergonomic}
    uintx ReservedCodeCacheSize                    = 251658240                              {pd product} {ergonomic}
     bool SegmentedCodeCache                       = true                                      {product} {ergonomic}
   size_t SoftMaxHeapSize                          = 2147483648                             {manageable} {ergonomic}
     bool UseCompressedOops                        = true                           {product lp64_product} {ergonomic}
     bool UseLargePagesIndividualAllocation        = false                                  {pd product} {ergonomic}
     bool UseParallelGC                            = true                                      {product} {command line}

Logging:
Log output configuration:
 #0: stdout all=off uptime,level,tags foldmultilines=false
 #1: stderr all=off uptime,level,tags foldmultilines=false

Release file:
<release file has not been read>
Environment Variables:
JAVA_HOME=C:\Program Files\java\jdk-24
PATH=C:\Program Files\Common Files\Oracle\Java\javapath;C:\Program Files\java\zulu11.62.17-ca-jdk11.0.18-win_x64\bin;C:\WINDOWS\system32;C:\WINDOWS;C:\WINDOWS\System32\Wbem;C:\WINDOWS\System32\WindowsPowerShell\v1.0\;C:\WINDOWS\System32\OpenSSH\;C:\Program Files\nodejs\;C:\Program Files\Git\cmd;C:\Program Files\dotnet\;C:\ProgramData\chocolatey\lib\gradle\tools\gradle-9.0.0\bin;%MAVEN_HOME%;;C:\ProgramData\chocolatey\bin;C:\ProgramData\chocolatey\lib\maven\apache-maven-3.9.11\bin;C:\Program Files\Docker\Docker\resources\bin;C:\Program Files\PowerShell\7\;C:\Users\camyl\.console-ninja\.bin;C:\Users\camyl\AppData\Local\Programs\Python\Python312\Scripts\;C:\Users\camyl\AppData\Local\Programs\Python\Python312\;C:\Ruby31-x64\bin;C:\Users\camyl\AppData\Local\Microsoft\WindowsApps;C:\Users\camyl\AppData\Local\Programs\Microsoft VS Code\bin;C:\Program Files\JetBrains\IntelliJ IDEA Community Edition 2023.1\bin;C:\Users\camyl\AppData\Roaming\npm;C:\Users\camyl\.dotnet\tools;C:\Users\camyl\AppData\Local\Microsoft\WindowsApps;C:\Users\camyl\AppData\Local\Programs\cursor\resources\app\bin;C:\Maven\apache-maven-3.9.11\bin;
USERNAME=camyl
OS=Windows_NT
PROCESSOR_IDENTIFIER=Intel64 Family 6 Model 126 Stepping 5, GenuineIntel
TMP=C:\Users\camyl\AppData\Local\Temp
TEMP=C:\Users\camyl\AppData\Local\Temp




Periodic native trim disabled

---------------  S Y S T E M  ---------------

OS:
 Windows 11 , 64 bit Build 26100 (10.0.26100.7019)
OS uptime: 26 days 17:50 hours
Hyper-V role detected

CPU: total 8 (initial active 8) (4 cores per cpu, 2 threads per core) family 6 model 126 stepping 5 microcode 0xa0, cx8, cmov, fxsr, ht, mmx, 3dnowpref, sse, sse2, sse3, ssse3, sse4.1, sse4.2, popcnt, lzcnt, tsc, tscinvbit, avx, avx2, aes, erms, clmul, bmi1, bmi2, adx, avx512f, avx512dq, avx512cd, avx512bw, avx512vl, sha, fma, vzeroupper, avx512_vpopcntdq, avx512_vpclmulqdq, avx512_vaes, avx512_vnni, clflush, clflushopt, avx512_vbmi2, avx512_vbmi, hv, rdtscp, rdpid, fsrm, gfni, avx512_bitalg, f16c, avx512_ifma
Processor Information for the first 8 processors :
  Max Mhz: 1201, Current Mhz: 900, Mhz Limit: 1201

Memory: 4k page, system-wide physical 7930M (772M free)
TotalPageFile size 32506M (AvailPageFile size 29M)
current process WorkingSet (physical memory assigned to process): 18M, peak: 18M
current process commit charge ("private bytes"): 190M, peak: 191M

vm_info: OpenJDK 64-Bit Server VM (21.0.9+10-LTS) for windows-amd64 JRE (21.0.9+10-LTS), built on 2025-10-21T00:00:00Z by "admin" with unknown MS VC++:1942

END.
